C51 COMPILER V9.60.0.0   KEYPAD                                                            04/18/2020 05:36:40 PAGE 1   


C51 COMPILER V9.60.0.0, COMPILATION OF MODULE KEYPAD
OBJECT MODULE PLACED IN .\Objects\Keypad.obj
COMPILER INVOKED BY: C:\Keil_v5\C51\BIN\C51.EXE Keypad.c OPTIMIZE(8,SPEED) BROWSE DEBUG OBJECTEXTEND PRINT(.\Listings\Ke
                    -ypad.lst) TABS(2) OBJECT(.\Objects\Keypad.obj)

line level    source

   1          #include <REG51.h>
   2          #include "std_macros.h"
   3          #include <DIO.h>
   4          #define NOTPRESSED 0xff
   5           void keypad_vInit(unsigned char portname)
   6           {
   7   1         DIO_setPin_OutPutMode(portname,0,1);
   8   1         DIO_setPin_OutPutMode(portname,1,1);
   9   1         DIO_setPin_OutPutMode(portname,2,1);
  10   1         DIO_setPin_OutPutMode(portname,3,1);
  11   1         DIO_setInput(portname,4,0);
  12   1         DIO_setInput(portname,5,0);
  13   1         DIO_setInput(portname,6,0);
  14   1         
  15   1      
  16   1          
  17   1       }
  18           char keypad_press(unsigned char portname)
  19           {
  20   1         unsigned char arr[4][3]={{1, 2, 3}
  21   1                                  ,{4, 5, 6}
  22   1                                  ,{7, 8, 9}
  23   1                                  ,{11, 0, 12}};
  24   1         char row,coloumn,x;
  25   1         char returnval=NOTPRESSED;
  26   1         for(row=0;row<4;row++)
  27   1         {
  28   2          DIO_write(portname,0,1);
  29   2          DIO_write(portname,1,1);
  30   2          DIO_write(portname,2,1);
  31   2          DIO_write(portname,3,1);
  32   2          DIO_write(portname,row,0);
  33   2        
  34   2          for(coloumn=0;coloumn<3;coloumn++)
  35   2          {
  36   3            x=DIO_read(portname,(coloumn+4));
  37   3            if(x==0)
  38   3             {
  39   4               returnval=arr[row][coloumn];
  40   4               break;
  41   4             }  
  42   3          } 
  43   2          if(x==0)
  44   2          {
  45   3            break;
  46   3          }
  47   2        }  
  48   1         return returnval;   
  49   1       }


MODULE INFORMATION:   STATIC OVERLAYABLE
   CODE SIZE        =    230    ----
   CONSTANT SIZE    =     12    ----
C51 COMPILER V9.60.0.0   KEYPAD                                                            04/18/2020 05:36:40 PAGE 2   

   XDATA SIZE       =   ----    ----
   PDATA SIZE       =   ----    ----
   DATA SIZE        =   ----      18
   IDATA SIZE       =   ----    ----
   BIT SIZE         =   ----    ----
END OF MODULE INFORMATION.


C51 COMPILATION COMPLETE.  0 WARNING(S),  0 ERROR(S)
