C51 COMPILER V9.01   STEPPER                                                               04/11/2020 19:37:58 PAGE 1   


C51 COMPILER V9.01, COMPILATION OF MODULE STEPPER
OBJECT MODULE PLACED IN stepper.OBJ
COMPILER INVOKED BY: C:\Keil\C51\BIN\C51.EXE stepper.c BROWSE DEBUG OBJECTEXTEND

line level    source

   1          #include <c8051f020.h>
   2          
   3          void delay_ms(unsigned int k)
   4          {
   5   1        unsigned int i,j;
   6   1           for(i=0;i<=k;i++)
   7   1                  for(j=0;j<110;j++);
   8   1      }
   9          
  10          void main()
  11          {
  12   1         P2=0x00;
  13   1         while(1)
  14   1         {
  15   2            P2=0x06;
  16   2                delay_ms(1000);
  17   2                P2=0x03;
  18   2                delay_ms(1000);
  19   2                P2=0x09;
  20   2                delay_ms(1000);
  21   2                P2=0x0c;
  22   2                delay_ms(1000);
  23   2      
  24   2         }
  25   1      }


MODULE INFORMATION:   STATIC OVERLAYABLE
   CODE SIZE        =     65    ----
   CONSTANT SIZE    =   ----    ----
   XDATA SIZE       =   ----    ----
   PDATA SIZE       =   ----    ----
   DATA SIZE        =   ----    ----
   IDATA SIZE       =   ----    ----
   BIT SIZE         =   ----    ----
END OF MODULE INFORMATION.


C51 COMPILATION COMPLETE.  0 WARNING(S),  0 ERROR(S)
